<?xml version="1.0" encoding="UTF-8"?>
<testng-results ignored="0" total="1" passed="1" failed="0" skipped="0">
  <reporter-output>
  </reporter-output>
  <suite started-at="2025-06-13T18:58:21 WEST" name="Suite" finished-at="2025-06-13T18:58:37 WEST" duration-ms="16032">
    <groups>
    </groups>
    <test started-at="2025-06-13T18:58:21 WEST" name="Test" finished-at="2025-06-13T18:58:37 WEST" duration-ms="16032">
      <class name="Test.cases.PaymentTestCase">
        <test-method is-config="true" signature="setUp()[pri:0, instance:Test.cases.PaymentTestCase@24269709]" started-at="2025-06-13T18:58:21 WEST" name="setUp" finished-at="2025-06-13T18:58:27 WEST" duration-ms="5991" status="PASS">
          <reporter-output>
          </reporter-output>
        </test-method> <!-- setUp -->
        <test-method signature="testcourses()[pri:1, instance:Test.cases.PaymentTestCase@24269709]" started-at="2025-06-13T18:58:27 WEST" name="testcourses" finished-at="2025-06-13T18:58:37 WEST" duration-ms="9786" status="PASS">
          <reporter-output>
          </reporter-output>
        </test-method> <!-- testcourses -->
        <test-method is-config="true" signature="tearDown()[pri:0, instance:Test.cases.PaymentTestCase@24269709]" started-at="2025-06-13T18:58:37 WEST" name="tearDown" finished-at="2025-06-13T18:58:37 WEST" duration-ms="1" status="PASS">
          <reporter-output>
          </reporter-output>
        </test-method> <!-- tearDown -->
      </class> <!-- Test.cases.PaymentTestCase -->
    </test> <!-- Test -->
  </suite> <!-- Suite -->
</testng-results>
